<?xml version="1.0" encoding="UTF-8"?>
<!-- Generated by org.testng.reporters.JUnitReportReporter -->
<testsuite hostname="EC2AMAZ-6E9TAIA" failures="0" tests="2" name="ccpa.testcases.HomepageTestDP" time="31.301" errors="0" timestamp="2021-11-13T05:44:06 UTC" skipped="0">
  <testcase classname="ccpa.testcases.HomepageTestDP" name="LaunchUrl" time="15.730"/>
  <system-out/>
  <testcase classname="ccpa.testcases.HomepageTestDP" name="LaunchUrl" time="15.571"/>
  <system-out/>
</testsuite> <!-- ccpa.testcases.HomepageTestDP -->
