<?xml version="1.0" encoding="UTF-8"?>
<!-- Generated by org.testng.reporters.JUnitReportReporter -->
<testsuite hostname="EC2AMAZ-6E9TAIA" failures="2" tests="91" name="ccpa.testcases.HomepageTestDPP" time="1203.532" errors="0" timestamp="2021-11-23T12:29:54 UTC" skipped="0">
  <testcase classname="ccpa.testcases.HomepageTestDPP" name="LaunchUrl" time="11.805"/>
  <system-out/>
  <testcase classname="ccpa.testcases.HomepageTestDPP" name="LaunchUrl" time="12.076"/>
  <system-out/>
  <testcase classname="ccpa.testcases.HomepageTestDPP" name="LaunchUrl" time="11.653"/>
  <system-out/>
  <testcase classname="ccpa.testcases.HomepageTestDPP" name="LaunchUrl" time="13.313"/>
  <system-out/>
  <testcase classname="ccpa.testcases.HomepageTestDPP" name="LaunchUrl" time="12.595"/>
  <system-out/>
  <testcase classname="ccpa.testcases.HomepageTestDPP" name="LaunchUrl" time="11.452"/>
  <system-out/>
  <testcase classname="ccpa.testcases.HomepageTestDPP" name="LaunchUrl" time="11.933"/>
  <system-out/>
  <testcase classname="ccpa.testcases.HomepageTestDPP" name="LaunchUrl" time="13.615"/>
  <system-out/>
  <testcase classname="ccpa.testcases.HomepageTestDPP" name="LaunchUrl" time="12.488"/>
  <system-out/>
  <testcase classname="ccpa.testcases.HomepageTestDPP" name="LaunchUrl" time="11.913"/>
  <system-out/>
  <testcase classname="ccpa.testcases.HomepageTestDPP" name="LaunchUrl" time="11.963"/>
  <system-out/>
  <testcase classname="ccpa.testcases.HomepageTestDPP" name="LaunchUrl" time="11.392"/>
  <system-out/>
  <testcase classname="ccpa.testcases.HomepageTestDPP" name="LaunchUrl" time="12.755"/>
  <system-out/>
  <testcase classname="ccpa.testcases.HomepageTestDPP" name="LaunchUrl" time="11.699"/>
  <system-out/>
  <testcase classname="ccpa.testcases.HomepageTestDPP" name="LaunchUrl" time="12.036"/>
  <system-out/>
  <testcase classname="ccpa.testcases.HomepageTestDPP" name="LaunchUrl" time="13.329"/>
  <system-out/>
  <testcase classname="ccpa.testcases.HomepageTestDPP" name="LaunchUrl" time="12.740"/>
  <system-out/>
  <testcase classname="ccpa.testcases.HomepageTestDPP" name="LaunchUrl" time="12.046"/>
  <system-out/>
  <testcase classname="ccpa.testcases.HomepageTestDPP" name="LaunchUrl" time="12.769"/>
  <system-out/>
  <testcase classname="ccpa.testcases.HomepageTestDPP" name="LaunchUrl" time="13.355"/>
  <system-out/>
  <testcase classname="ccpa.testcases.HomepageTestDPP" name="LaunchUrl" time="12.185"/>
  <system-out/>
  <testcase classname="ccpa.testcases.HomepageTestDPP" name="LaunchUrl" time="13.164"/>
  <system-out/>
  <testcase classname="ccpa.testcases.HomepageTestDPP" name="LaunchUrl" time="13.061"/>
  <system-out/>
  <testcase classname="ccpa.testcases.HomepageTestDPP" name="LaunchUrl" time="11.824"/>
  <system-out/>
  <testcase classname="ccpa.testcases.HomepageTestDPP" name="LaunchUrl" time="11.814"/>
  <system-out/>
  <testcase classname="ccpa.testcases.HomepageTestDPP" name="LaunchUrl" time="12.021"/>
  <system-out/>
  <testcase classname="ccpa.testcases.HomepageTestDPP" name="LaunchUrl" time="16.725"/>
  <system-out/>
  <testcase classname="ccpa.testcases.HomepageTestDPP" name="LaunchUrl" time="11.650"/>
  <system-out/>
  <testcase classname="ccpa.testcases.HomepageTestDPP" name="LaunchUrl" time="11.596"/>
  <system-out/>
  <testcase classname="ccpa.testcases.HomepageTestDPP" name="LaunchUrl" time="12.329"/>
  <system-out/>
  <testcase classname="ccpa.testcases.HomepageTestDPP" name="LaunchUrl" time="11.828"/>
  <system-out/>
  <testcase classname="ccpa.testcases.HomepageTestDPP" name="LaunchUrl" time="11.927"/>
  <system-out/>
  <testcase classname="ccpa.testcases.HomepageTestDPP" name="LaunchUrl" time="12.300"/>
  <system-out/>
  <testcase classname="ccpa.testcases.HomepageTestDPP" name="LaunchUrl" time="11.538"/>
  <system-out/>
  <testcase classname="ccpa.testcases.HomepageTestDPP" name="LaunchUrl" time="12.465"/>
  <system-out/>
  <testcase classname="ccpa.testcases.HomepageTestDPP" name="LaunchUrl" time="12.882"/>
  <system-out/>
  <testcase classname="ccpa.testcases.HomepageTestDPP" name="LaunchUrl" time="11.861"/>
  <system-out/>
  <testcase classname="ccpa.testcases.HomepageTestDPP" name="LaunchUrl" time="9.383">
    <failure message="expected [true] but found [false]" type="java.lang.AssertionError">
      <![CDATA[java.lang.AssertionError: expected [true] but found [false]
at org.testng.Assert.fail(Assert.java:99)
at org.testng.Assert.failNotEquals(Assert.java:1037)
at org.testng.Assert.assertEqualsImpl(Assert.java:140)
at org.testng.Assert.assertEquals(Assert.java:122)
at org.testng.Assert.assertEquals(Assert.java:819)
at org.testng.Assert.assertEquals(Assert.java:829)
at ccpa.testcases.HomepageTestDPP.LaunchUrl(HomepageTestDPP.java:140)
at jdk.internal.reflect.GeneratedMethodAccessor2.invoke(Unknown Source)
at java.base/jdk.internal.reflect.DelegatingMethodAccessorImpl.invoke(DelegatingMethodAccessorImpl.java:43)
at java.base/java.lang.reflect.Method.invoke(Method.java:568)
at org.testng.internal.MethodInvocationHelper.invokeMethod(MethodInvocationHelper.java:133)
at org.testng.internal.TestInvoker.invokeMethod(TestInvoker.java:598)
at org.testng.internal.TestInvoker.invokeTestMethod(TestInvoker.java:173)
at org.testng.internal.MethodRunner.runInSequence(MethodRunner.java:46)
at org.testng.internal.TestInvoker$MethodInvocationAgent.invoke(TestInvoker.java:824)
at org.testng.internal.TestInvoker.invokeTestMethods(TestInvoker.java:146)
at org.testng.internal.TestMethodWorker.invokeTestMethods(TestMethodWorker.java:146)
at org.testng.internal.TestMethodWorker.run(TestMethodWorker.java:128)
at java.base/java.util.ArrayList.forEach(ArrayList.java:1511)
at org.testng.TestRunner.privateRun(TestRunner.java:794)
at org.testng.TestRunner.run(TestRunner.java:596)
at org.testng.SuiteRunner.runTest(SuiteRunner.java:377)
at org.testng.SuiteRunner.runSequentially(SuiteRunner.java:371)
at org.testng.SuiteRunner.privateRun(SuiteRunner.java:332)
at org.testng.SuiteRunner.run(SuiteRunner.java:276)
at org.testng.SuiteRunnerWorker.runSuite(SuiteRunnerWorker.java:53)
at org.testng.SuiteRunnerWorker.run(SuiteRunnerWorker.java:96)
at org.testng.TestNG.runSuitesSequentially(TestNG.java:1212)
at org.testng.TestNG.runSuitesLocally(TestNG.java:1134)
at org.testng.TestNG.runSuites(TestNG.java:1063)
at org.testng.TestNG.run(TestNG.java:1031)
at org.testng.remote.AbstractRemoteTestNG.run(AbstractRemoteTestNG.java:115)
at org.testng.remote.RemoteTestNG.initAndRun(RemoteTestNG.java:251)
at org.testng.remote.RemoteTestNG.main(RemoteTestNG.java:77)
]]>
    </failure>
  </testcase> <!-- LaunchUrl -->
  <system-out/>
  <testcase classname="ccpa.testcases.HomepageTestDPP" name="LaunchUrl" time="12.935"/>
  <system-out/>
  <testcase classname="ccpa.testcases.HomepageTestDPP" name="LaunchUrl" time="12.608"/>
  <system-out/>
  <testcase classname="ccpa.testcases.HomepageTestDPP" name="LaunchUrl" time="13.616"/>
  <system-out/>
  <testcase classname="ccpa.testcases.HomepageTestDPP" name="LaunchUrl" time="12.014"/>
  <system-out/>
  <testcase classname="ccpa.testcases.HomepageTestDPP" name="LaunchUrl" time="11.415"/>
  <system-out/>
  <testcase classname="ccpa.testcases.HomepageTestDPP" name="LaunchUrl" time="16.997"/>
  <system-out/>
  <testcase classname="ccpa.testcases.HomepageTestDPP" name="LaunchUrl" time="13.225"/>
  <system-out/>
  <testcase classname="ccpa.testcases.HomepageTestDPP" name="LaunchUrl" time="11.635"/>
  <system-out/>
  <testcase classname="ccpa.testcases.HomepageTestDPP" name="LaunchUrl" time="21.649"/>
  <system-out/>
  <testcase classname="ccpa.testcases.HomepageTestDPP" name="LaunchUrl" time="13.361"/>
  <system-out/>
  <testcase classname="ccpa.testcases.HomepageTestDPP" name="LaunchUrl" time="12.077"/>
  <system-out/>
  <testcase classname="ccpa.testcases.HomepageTestDPP" name="LaunchUrl" time="11.651"/>
  <system-out/>
  <testcase classname="ccpa.testcases.HomepageTestDPP" name="LaunchUrl" time="12.671"/>
  <system-out/>
  <testcase classname="ccpa.testcases.HomepageTestDPP" name="LaunchUrl" time="12.237"/>
  <system-out/>
  <testcase classname="ccpa.testcases.HomepageTestDPP" name="LaunchUrl" time="11.552"/>
  <system-out/>
  <testcase classname="ccpa.testcases.HomepageTestDPP" name="LaunchUrl" time="13.657"/>
  <system-out/>
  <testcase classname="ccpa.testcases.HomepageTestDPP" name="LaunchUrl" time="12.369"/>
  <system-out/>
  <testcase classname="ccpa.testcases.HomepageTestDPP" name="LaunchUrl" time="12.415"/>
  <system-out/>
  <testcase classname="ccpa.testcases.HomepageTestDPP" name="LaunchUrl" time="11.529"/>
  <system-out/>
  <testcase classname="ccpa.testcases.HomepageTestDPP" name="LaunchUrl" time="17.068"/>
  <system-out/>
  <testcase classname="ccpa.testcases.HomepageTestDPP" name="LaunchUrl" time="12.084"/>
  <system-out/>
  <testcase classname="ccpa.testcases.HomepageTestDPP" name="LaunchUrl" time="13.505"/>
  <system-out/>
  <testcase classname="ccpa.testcases.HomepageTestDPP" name="LaunchUrl" time="12.052"/>
  <system-out/>
  <testcase classname="ccpa.testcases.HomepageTestDPP" name="LaunchUrl" time="11.321"/>
  <system-out/>
  <testcase classname="ccpa.testcases.HomepageTestDPP" name="LaunchUrl" time="18.453"/>
  <system-out/>
  <testcase classname="ccpa.testcases.HomepageTestDPP" name="LaunchUrl" time="16.561"/>
  <system-out/>
  <testcase classname="ccpa.testcases.HomepageTestDPP" name="LaunchUrl" time="21.802"/>
  <system-out/>
  <testcase classname="ccpa.testcases.HomepageTestDPP" name="LaunchUrl" time="12.622"/>
  <system-out/>
  <testcase classname="ccpa.testcases.HomepageTestDPP" name="LaunchUrl" time="16.596"/>
  <system-out/>
  <testcase classname="ccpa.testcases.HomepageTestDPP" name="LaunchUrl" time="12.142"/>
  <system-out/>
  <testcase classname="ccpa.testcases.HomepageTestDPP" name="LaunchUrl" time="14.176"/>
  <system-out/>
  <testcase classname="ccpa.testcases.HomepageTestDPP" name="LaunchUrl" time="13.512"/>
  <system-out/>
  <testcase classname="ccpa.testcases.HomepageTestDPP" name="LaunchUrl" time="12.698"/>
  <system-out/>
  <testcase classname="ccpa.testcases.HomepageTestDPP" name="LaunchUrl" time="12.289"/>
  <system-out/>
  <testcase classname="ccpa.testcases.HomepageTestDPP" name="LaunchUrl" time="13.128"/>
  <system-out/>
  <testcase classname="ccpa.testcases.HomepageTestDPP" name="LaunchUrl" time="16.796"/>
  <system-out/>
  <testcase classname="ccpa.testcases.HomepageTestDPP" name="LaunchUrl" time="11.779"/>
  <system-out/>
  <testcase classname="ccpa.testcases.HomepageTestDPP" name="LaunchUrl" time="12.190"/>
  <system-out/>
  <testcase classname="ccpa.testcases.HomepageTestDPP" name="LaunchUrl" time="11.730"/>
  <system-out/>
  <testcase classname="ccpa.testcases.HomepageTestDPP" name="LaunchUrl" time="11.746"/>
  <system-out/>
  <testcase classname="ccpa.testcases.HomepageTestDPP" name="LaunchUrl" time="16.918"/>
  <system-out/>
  <testcase classname="ccpa.testcases.HomepageTestDPP" name="LaunchUrl" time="31.318"/>
  <system-out/>
  <testcase classname="ccpa.testcases.HomepageTestDPP" name="LaunchUrl" time="12.418"/>
  <system-out/>
  <testcase classname="ccpa.testcases.HomepageTestDPP" name="LaunchUrl" time="11.969"/>
  <system-out/>
  <testcase classname="ccpa.testcases.HomepageTestDPP" name="LaunchUrl" time="11.844"/>
  <system-out/>
  <testcase classname="ccpa.testcases.HomepageTestDPP" name="LaunchUrl" time="13.016"/>
  <system-out/>
  <testcase classname="ccpa.testcases.HomepageTestDPP" name="LaunchUrl" time="11.281"/>
  <system-out/>
  <testcase classname="ccpa.testcases.HomepageTestDPP" name="LaunchUrl" time="19.559">
    <failure message="expected [true] but found [false]" type="java.lang.AssertionError">
      <![CDATA[java.lang.AssertionError: expected [true] but found [false]
at org.testng.Assert.fail(Assert.java:99)
at org.testng.Assert.failNotEquals(Assert.java:1037)
at org.testng.Assert.assertEqualsImpl(Assert.java:140)
at org.testng.Assert.assertEquals(Assert.java:122)
at org.testng.Assert.assertEquals(Assert.java:819)
at org.testng.Assert.assertEquals(Assert.java:829)
at ccpa.testcases.HomepageTestDPP.LaunchUrl(HomepageTestDPP.java:140)
at jdk.internal.reflect.GeneratedMethodAccessor2.invoke(Unknown Source)
at java.base/jdk.internal.reflect.DelegatingMethodAccessorImpl.invoke(DelegatingMethodAccessorImpl.java:43)
at java.base/java.lang.reflect.Method.invoke(Method.java:568)
at org.testng.internal.MethodInvocationHelper.invokeMethod(MethodInvocationHelper.java:133)
at org.testng.internal.TestInvoker.invokeMethod(TestInvoker.java:598)
at org.testng.internal.TestInvoker.invokeTestMethod(TestInvoker.java:173)
at org.testng.internal.MethodRunner.runInSequence(MethodRunner.java:46)
at org.testng.internal.TestInvoker$MethodInvocationAgent.invoke(TestInvoker.java:824)
at org.testng.internal.TestInvoker.invokeTestMethods(TestInvoker.java:146)
at org.testng.internal.TestMethodWorker.invokeTestMethods(TestMethodWorker.java:146)
at org.testng.internal.TestMethodWorker.run(TestMethodWorker.java:128)
at java.base/java.util.ArrayList.forEach(ArrayList.java:1511)
at org.testng.TestRunner.privateRun(TestRunner.java:794)
at org.testng.TestRunner.run(TestRunner.java:596)
at org.testng.SuiteRunner.runTest(SuiteRunner.java:377)
at org.testng.SuiteRunner.runSequentially(SuiteRunner.java:371)
at org.testng.SuiteRunner.privateRun(SuiteRunner.java:332)
at org.testng.SuiteRunner.run(SuiteRunner.java:276)
at org.testng.SuiteRunnerWorker.runSuite(SuiteRunnerWorker.java:53)
at org.testng.SuiteRunnerWorker.run(SuiteRunnerWorker.java:96)
at org.testng.TestNG.runSuitesSequentially(TestNG.java:1212)
at org.testng.TestNG.runSuitesLocally(TestNG.java:1134)
at org.testng.TestNG.runSuites(TestNG.java:1063)
at org.testng.TestNG.run(TestNG.java:1031)
at org.testng.remote.AbstractRemoteTestNG.run(AbstractRemoteTestNG.java:115)
at org.testng.remote.RemoteTestNG.initAndRun(RemoteTestNG.java:251)
at org.testng.remote.RemoteTestNG.main(RemoteTestNG.java:77)
]]>
    </failure>
  </testcase> <!-- LaunchUrl -->
  <system-out/>
  <testcase classname="ccpa.testcases.HomepageTestDPP" name="LaunchUrl" time="12.885"/>
  <system-out/>
  <testcase classname="ccpa.testcases.HomepageTestDPP" name="LaunchUrl" time="13.036"/>
  <system-out/>
  <testcase classname="ccpa.testcases.HomepageTestDPP" name="LaunchUrl" time="14.177"/>
  <system-out/>
  <testcase classname="ccpa.testcases.HomepageTestDPP" name="LaunchUrl" time="11.777"/>
  <system-out/>
  <testcase classname="ccpa.testcases.HomepageTestDPP" name="LaunchUrl" time="11.991"/>
  <system-out/>
</testsuite> <!-- ccpa.testcases.HomepageTestDPP -->
