<?xml version="1.0" encoding="UTF-8"?>
<!-- Generated by org.testng.reporters.JUnitReportReporter -->
<testsuite hostname="EC2AMAZ-6E9TAIA" failures="0" tests="2" name="ccpa.testcases.HomepageTestDP" time="36.046" errors="0" timestamp="2021-11-13T07:58:40 UTC" skipped="0">
  <testcase classname="ccpa.testcases.HomepageTestDP" name="LaunchUrl" time="16.086"/>
  <system-out/>
  <testcase classname="ccpa.testcases.HomepageTestDP" name="LaunchUrl" time="19.960"/>
  <system-out/>
</testsuite> <!-- ccpa.testcases.HomepageTestDP -->
