<?xml version="1.0" encoding="UTF-8"?>
<!-- Generated by org.testng.reporters.JUnitReportReporter -->
<testsuite hostname="EC2AMAZ-6E9TAIA" failures="0" tests="9" name="ccpa.testcases.HomepageTest" time="28.264" errors="0" timestamp="2021-10-31T14:54:42 UTC" skipped="0">
  <testcase classname="ccpa.testcases.HomepageTest" name="CCPA_TC_1_Verify_Page_Title" time="0.020"/>
  <system-out/>
  <testcase classname="ccpa.testcases.HomepageTest" name="CCPA_TC_2_Verify_Display_Logo" time="0.139"/>
  <system-out/>
  <testcase classname="ccpa.testcases.HomepageTest" name="CCPA_TC_3_Verify_CCPA_is_triggered_for_patient_domain" time="0.887"/>
  <system-out/>
  <testcase classname="ccpa.testcases.HomepageTest" name="CCPA_TC_4_UI_of_CCPA_pop_up_for_patient_domain" time="3.786"/>
  <system-out/>
  <testcase classname="ccpa.testcases.HomepageTest" name="CCPA_TC_5_Verify_Cookies_Saved_on_Accept_Button_Click_For_patient_domain" time="6.295"/>
  <system-out/>
  <testcase classname="ccpa.testcases.HomepageTest" name="CCPA_TC_6_Verify_CCPA_is_triggered_for_HCPsite" time="4.614"/>
  <system-out/>
  <testcase classname="ccpa.testcases.HomepageTest" name="CCPA_TC_7_Verify_CCPA_is_triggered_for_HCPsite" time="3.111"/>
  <system-out/>
  <testcase classname="ccpa.testcases.HomepageTest" name="CCPA_TC_8_Verify_UI_of_CCPA_pop_up_for_HCPsite" time="3.194"/>
  <system-out/>
  <testcase classname="ccpa.testcases.HomepageTest" name="CCPA_TC_9_Verify_Cookies_Saved_on_Accept_Button_Click_For_HCPSite" time="6.218"/>
  <system-out/>
</testsuite> <!-- ccpa.testcases.HomepageTest -->
