<?xml version="1.0" encoding="UTF-8"?>
<!-- Generated by org.testng.reporters.JUnitReportReporter -->
<testsuite hostname="EC2AMAZ-6E9TAIA" failures="2" tests="91" name="ccpa.testcases.HomepageTestDP" time="1394.978" errors="0" timestamp="2021-11-17T15:40:08 UTC" skipped="0">
  <testcase classname="ccpa.testcases.HomepageTestDP" name="LaunchUrl" time="15.407"/>
  <system-out/>
  <testcase classname="ccpa.testcases.HomepageTestDP" name="LaunchUrl" time="14.497"/>
  <system-out/>
  <testcase classname="ccpa.testcases.HomepageTestDP" name="LaunchUrl" time="13.015"/>
  <system-out/>
  <testcase classname="ccpa.testcases.HomepageTestDP" name="LaunchUrl" time="22.469"/>
  <system-out/>
  <testcase classname="ccpa.testcases.HomepageTestDP" name="LaunchUrl" time="15.612"/>
  <system-out/>
  <testcase classname="ccpa.testcases.HomepageTestDP" name="LaunchUrl" time="14.040"/>
  <system-out/>
  <testcase classname="ccpa.testcases.HomepageTestDP" name="LaunchUrl" time="13.217"/>
  <system-out/>
  <testcase classname="ccpa.testcases.HomepageTestDP" name="LaunchUrl" time="18.772"/>
  <system-out/>
  <testcase classname="ccpa.testcases.HomepageTestDP" name="LaunchUrl" time="14.586"/>
  <system-out/>
  <testcase classname="ccpa.testcases.HomepageTestDP" name="LaunchUrl" time="16.704"/>
  <system-out/>
  <testcase classname="ccpa.testcases.HomepageTestDP" name="LaunchUrl" time="17.003"/>
  <system-out/>
  <testcase classname="ccpa.testcases.HomepageTestDP" name="LaunchUrl" time="13.427"/>
  <system-out/>
  <testcase classname="ccpa.testcases.HomepageTestDP" name="LaunchUrl" time="13.136">
    <failure message="expected [true] but found [false]" type="java.lang.AssertionError">
      <![CDATA[java.lang.AssertionError: expected [true] but found [false]
at org.testng.Assert.fail(Assert.java:99)
at org.testng.Assert.failNotEquals(Assert.java:1037)
at org.testng.Assert.assertEqualsImpl(Assert.java:140)
at org.testng.Assert.assertEquals(Assert.java:122)
at org.testng.Assert.assertEquals(Assert.java:819)
at org.testng.Assert.assertEquals(Assert.java:829)
at ccpa.testcases.HomepageTestDP.LaunchUrl(HomepageTestDP.java:124)
at jdk.internal.reflect.GeneratedMethodAccessor2.invoke(Unknown Source)
at java.base/jdk.internal.reflect.DelegatingMethodAccessorImpl.invoke(DelegatingMethodAccessorImpl.java:43)
at java.base/java.lang.reflect.Method.invoke(Method.java:568)
at org.testng.internal.MethodInvocationHelper.invokeMethod(MethodInvocationHelper.java:133)
at org.testng.internal.TestInvoker.invokeMethod(TestInvoker.java:598)
at org.testng.internal.TestInvoker.invokeTestMethod(TestInvoker.java:173)
at org.testng.internal.MethodRunner.runInSequence(MethodRunner.java:46)
at org.testng.internal.TestInvoker$MethodInvocationAgent.invoke(TestInvoker.java:824)
at org.testng.internal.TestInvoker.invokeTestMethods(TestInvoker.java:146)
at org.testng.internal.TestMethodWorker.invokeTestMethods(TestMethodWorker.java:146)
at org.testng.internal.TestMethodWorker.run(TestMethodWorker.java:128)
at java.base/java.util.ArrayList.forEach(ArrayList.java:1511)
at org.testng.TestRunner.privateRun(TestRunner.java:794)
at org.testng.TestRunner.run(TestRunner.java:596)
at org.testng.SuiteRunner.runTest(SuiteRunner.java:377)
at org.testng.SuiteRunner.runSequentially(SuiteRunner.java:371)
at org.testng.SuiteRunner.privateRun(SuiteRunner.java:332)
at org.testng.SuiteRunner.run(SuiteRunner.java:276)
at org.testng.SuiteRunnerWorker.runSuite(SuiteRunnerWorker.java:53)
at org.testng.SuiteRunnerWorker.run(SuiteRunnerWorker.java:96)
at org.testng.TestNG.runSuitesSequentially(TestNG.java:1212)
at org.testng.TestNG.runSuitesLocally(TestNG.java:1134)
at org.testng.TestNG.runSuites(TestNG.java:1063)
at org.testng.TestNG.run(TestNG.java:1031)
at org.testng.remote.AbstractRemoteTestNG.run(AbstractRemoteTestNG.java:115)
at org.testng.remote.RemoteTestNG.initAndRun(RemoteTestNG.java:251)
at org.testng.remote.RemoteTestNG.main(RemoteTestNG.java:77)
]]>
    </failure>
  </testcase> <!-- LaunchUrl -->
  <system-out/>
  <testcase classname="ccpa.testcases.HomepageTestDP" name="LaunchUrl" time="18.718"/>
  <system-out/>
  <testcase classname="ccpa.testcases.HomepageTestDP" name="LaunchUrl" time="14.715"/>
  <system-out/>
  <testcase classname="ccpa.testcases.HomepageTestDP" name="LaunchUrl" time="15.748"/>
  <system-out/>
  <testcase classname="ccpa.testcases.HomepageTestDP" name="LaunchUrl" time="15.085"/>
  <system-out/>
  <testcase classname="ccpa.testcases.HomepageTestDP" name="LaunchUrl" time="15.102"/>
  <system-out/>
  <testcase classname="ccpa.testcases.HomepageTestDP" name="LaunchUrl" time="13.359"/>
  <system-out/>
  <testcase classname="ccpa.testcases.HomepageTestDP" name="LaunchUrl" time="15.015"/>
  <system-out/>
  <testcase classname="ccpa.testcases.HomepageTestDP" name="LaunchUrl" time="15.640"/>
  <system-out/>
  <testcase classname="ccpa.testcases.HomepageTestDP" name="LaunchUrl" time="14.797"/>
  <system-out/>
  <testcase classname="ccpa.testcases.HomepageTestDP" name="LaunchUrl" time="15.045"/>
  <system-out/>
  <testcase classname="ccpa.testcases.HomepageTestDP" name="LaunchUrl" time="15.849"/>
  <system-out/>
  <testcase classname="ccpa.testcases.HomepageTestDP" name="LaunchUrl" time="14.314"/>
  <system-out/>
  <testcase classname="ccpa.testcases.HomepageTestDP" name="LaunchUrl" time="15.140"/>
  <system-out/>
  <testcase classname="ccpa.testcases.HomepageTestDP" name="LaunchUrl" time="16.407"/>
  <system-out/>
  <testcase classname="ccpa.testcases.HomepageTestDP" name="LaunchUrl" time="14.117"/>
  <system-out/>
  <testcase classname="ccpa.testcases.HomepageTestDP" name="LaunchUrl" time="14.889"/>
  <system-out/>
  <testcase classname="ccpa.testcases.HomepageTestDP" name="LaunchUrl" time="15.144"/>
  <system-out/>
  <testcase classname="ccpa.testcases.HomepageTestDP" name="LaunchUrl" time="14.528"/>
  <system-out/>
  <testcase classname="ccpa.testcases.HomepageTestDP" name="LaunchUrl" time="12.143"/>
  <system-out/>
  <testcase classname="ccpa.testcases.HomepageTestDP" name="LaunchUrl" time="15.914"/>
  <system-out/>
  <testcase classname="ccpa.testcases.HomepageTestDP" name="LaunchUrl" time="15.777"/>
  <system-out/>
  <testcase classname="ccpa.testcases.HomepageTestDP" name="LaunchUrl" time="15.475"/>
  <system-out/>
  <testcase classname="ccpa.testcases.HomepageTestDP" name="LaunchUrl" time="13.942"/>
  <system-out/>
  <testcase classname="ccpa.testcases.HomepageTestDP" name="LaunchUrl" time="14.331"/>
  <system-out/>
  <testcase classname="ccpa.testcases.HomepageTestDP" name="LaunchUrl" time="12.811"/>
  <system-out/>
  <testcase classname="ccpa.testcases.HomepageTestDP" name="LaunchUrl" time="22.111"/>
  <system-out/>
  <testcase classname="ccpa.testcases.HomepageTestDP" name="LaunchUrl" time="22.688"/>
  <system-out/>
  <testcase classname="ccpa.testcases.HomepageTestDP" name="LaunchUrl" time="16.797"/>
  <system-out/>
  <testcase classname="ccpa.testcases.HomepageTestDP" name="LaunchUrl" time="18.837"/>
  <system-out/>
  <testcase classname="ccpa.testcases.HomepageTestDP" name="LaunchUrl" time="15.098"/>
  <system-out/>
  <testcase classname="ccpa.testcases.HomepageTestDP" name="LaunchUrl" time="17.314"/>
  <system-out/>
  <testcase classname="ccpa.testcases.HomepageTestDP" name="LaunchUrl" time="13.716"/>
  <system-out/>
  <testcase classname="ccpa.testcases.HomepageTestDP" name="LaunchUrl" time="15.193"/>
  <system-out/>
  <testcase classname="ccpa.testcases.HomepageTestDP" name="LaunchUrl" time="15.933"/>
  <system-out/>
  <testcase classname="ccpa.testcases.HomepageTestDP" name="LaunchUrl" time="15.081"/>
  <system-out/>
  <testcase classname="ccpa.testcases.HomepageTestDP" name="LaunchUrl" time="12.975"/>
  <system-out/>
  <testcase classname="ccpa.testcases.HomepageTestDP" name="LaunchUrl" time="14.005"/>
  <system-out/>
  <testcase classname="ccpa.testcases.HomepageTestDP" name="LaunchUrl" time="15.467"/>
  <system-out/>
  <testcase classname="ccpa.testcases.HomepageTestDP" name="LaunchUrl" time="21.480"/>
  <system-out/>
  <testcase classname="ccpa.testcases.HomepageTestDP" name="LaunchUrl" time="16.063"/>
  <system-out/>
  <testcase classname="ccpa.testcases.HomepageTestDP" name="LaunchUrl" time="15.353"/>
  <system-out/>
  <testcase classname="ccpa.testcases.HomepageTestDP" name="LaunchUrl" time="14.766"/>
  <system-out/>
  <testcase classname="ccpa.testcases.HomepageTestDP" name="LaunchUrl" time="15.372"/>
  <system-out/>
  <testcase classname="ccpa.testcases.HomepageTestDP" name="LaunchUrl" time="15.503"/>
  <system-out/>
  <testcase classname="ccpa.testcases.HomepageTestDP" name="LaunchUrl" time="15.098"/>
  <system-out/>
  <testcase classname="ccpa.testcases.HomepageTestDP" name="LaunchUrl" time="12.578"/>
  <system-out/>
  <testcase classname="ccpa.testcases.HomepageTestDP" name="LaunchUrl" time="14.177"/>
  <system-out/>
  <testcase classname="ccpa.testcases.HomepageTestDP" name="LaunchUrl" time="14.223"/>
  <system-out/>
  <testcase classname="ccpa.testcases.HomepageTestDP" name="LaunchUrl" time="13.089"/>
  <system-out/>
  <testcase classname="ccpa.testcases.HomepageTestDP" name="LaunchUrl" time="15.617"/>
  <system-out/>
  <testcase classname="ccpa.testcases.HomepageTestDP" name="LaunchUrl" time="15.367"/>
  <system-out/>
  <testcase classname="ccpa.testcases.HomepageTestDP" name="LaunchUrl" time="12.659"/>
  <system-out/>
  <testcase classname="ccpa.testcases.HomepageTestDP" name="LaunchUrl" time="13.680"/>
  <system-out/>
  <testcase classname="ccpa.testcases.HomepageTestDP" name="LaunchUrl" time="14.869"/>
  <system-out/>
  <testcase classname="ccpa.testcases.HomepageTestDP" name="LaunchUrl" time="18.750"/>
  <system-out/>
  <testcase classname="ccpa.testcases.HomepageTestDP" name="LaunchUrl" time="16.197"/>
  <system-out/>
  <testcase classname="ccpa.testcases.HomepageTestDP" name="LaunchUrl" time="15.453"/>
  <system-out/>
  <testcase classname="ccpa.testcases.HomepageTestDP" name="LaunchUrl" time="16.921"/>
  <system-out/>
  <testcase classname="ccpa.testcases.HomepageTestDP" name="LaunchUrl" time="15.479"/>
  <system-out/>
  <testcase classname="ccpa.testcases.HomepageTestDP" name="LaunchUrl" time="13.797"/>
  <system-out/>
  <testcase classname="ccpa.testcases.HomepageTestDP" name="LaunchUrl" time="15.168"/>
  <system-out/>
  <testcase classname="ccpa.testcases.HomepageTestDP" name="LaunchUrl" time="13.565"/>
  <system-out/>
  <testcase classname="ccpa.testcases.HomepageTestDP" name="LaunchUrl" time="15.865"/>
  <system-out/>
  <testcase classname="ccpa.testcases.HomepageTestDP" name="LaunchUrl" time="16.185"/>
  <system-out/>
  <testcase classname="ccpa.testcases.HomepageTestDP" name="LaunchUrl" time="15.640"/>
  <system-out/>
  <testcase classname="ccpa.testcases.HomepageTestDP" name="LaunchUrl" time="14.459"/>
  <system-out/>
  <testcase classname="ccpa.testcases.HomepageTestDP" name="LaunchUrl" time="14.853"/>
  <system-out/>
  <testcase classname="ccpa.testcases.HomepageTestDP" name="LaunchUrl" time="15.391"/>
  <system-out/>
  <testcase classname="ccpa.testcases.HomepageTestDP" name="LaunchUrl" time="15.375"/>
  <system-out/>
  <testcase classname="ccpa.testcases.HomepageTestDP" name="LaunchUrl" time="16.045"/>
  <system-out/>
  <testcase classname="ccpa.testcases.HomepageTestDP" name="LaunchUrl" time="15.672"/>
  <system-out/>
  <testcase classname="ccpa.testcases.HomepageTestDP" name="LaunchUrl" time="15.786"/>
  <system-out/>
  <testcase classname="ccpa.testcases.HomepageTestDP" name="LaunchUrl" time="14.851"/>
  <system-out/>
  <testcase classname="ccpa.testcases.HomepageTestDP" name="LaunchUrl" time="14.976"/>
  <system-out/>
  <testcase classname="ccpa.testcases.HomepageTestDP" name="LaunchUrl" time="15.194"/>
  <system-out/>
  <testcase classname="ccpa.testcases.HomepageTestDP" name="LaunchUrl" time="13.488"/>
  <system-out/>
  <testcase classname="ccpa.testcases.HomepageTestDP" name="LaunchUrl" time="14.175"/>
  <system-out/>
  <testcase classname="ccpa.testcases.HomepageTestDP" name="LaunchUrl" time="10.694">
    <failure message="expected [true] but found [false]" type="java.lang.AssertionError">
      <![CDATA[java.lang.AssertionError: expected [true] but found [false]
at org.testng.Assert.fail(Assert.java:99)
at org.testng.Assert.failNotEquals(Assert.java:1037)
at org.testng.Assert.assertEqualsImpl(Assert.java:140)
at org.testng.Assert.assertEquals(Assert.java:122)
at org.testng.Assert.assertEquals(Assert.java:819)
at org.testng.Assert.assertEquals(Assert.java:829)
at ccpa.testcases.HomepageTestDP.LaunchUrl(HomepageTestDP.java:124)
at jdk.internal.reflect.GeneratedMethodAccessor2.invoke(Unknown Source)
at java.base/jdk.internal.reflect.DelegatingMethodAccessorImpl.invoke(DelegatingMethodAccessorImpl.java:43)
at java.base/java.lang.reflect.Method.invoke(Method.java:568)
at org.testng.internal.MethodInvocationHelper.invokeMethod(MethodInvocationHelper.java:133)
at org.testng.internal.TestInvoker.invokeMethod(TestInvoker.java:598)
at org.testng.internal.TestInvoker.invokeTestMethod(TestInvoker.java:173)
at org.testng.internal.MethodRunner.runInSequence(MethodRunner.java:46)
at org.testng.internal.TestInvoker$MethodInvocationAgent.invoke(TestInvoker.java:824)
at org.testng.internal.TestInvoker.invokeTestMethods(TestInvoker.java:146)
at org.testng.internal.TestMethodWorker.invokeTestMethods(TestMethodWorker.java:146)
at org.testng.internal.TestMethodWorker.run(TestMethodWorker.java:128)
at java.base/java.util.ArrayList.forEach(ArrayList.java:1511)
at org.testng.TestRunner.privateRun(TestRunner.java:794)
at org.testng.TestRunner.run(TestRunner.java:596)
at org.testng.SuiteRunner.runTest(SuiteRunner.java:377)
at org.testng.SuiteRunner.runSequentially(SuiteRunner.java:371)
at org.testng.SuiteRunner.privateRun(SuiteRunner.java:332)
at org.testng.SuiteRunner.run(SuiteRunner.java:276)
at org.testng.SuiteRunnerWorker.runSuite(SuiteRunnerWorker.java:53)
at org.testng.SuiteRunnerWorker.run(SuiteRunnerWorker.java:96)
at org.testng.TestNG.runSuitesSequentially(TestNG.java:1212)
at org.testng.TestNG.runSuitesLocally(TestNG.java:1134)
at org.testng.TestNG.runSuites(TestNG.java:1063)
at org.testng.TestNG.run(TestNG.java:1031)
at org.testng.remote.AbstractRemoteTestNG.run(AbstractRemoteTestNG.java:115)
at org.testng.remote.RemoteTestNG.initAndRun(RemoteTestNG.java:251)
at org.testng.remote.RemoteTestNG.main(RemoteTestNG.java:77)
]]>
    </failure>
  </testcase> <!-- LaunchUrl -->
  <system-out/>
</testsuite> <!-- ccpa.testcases.HomepageTestDP -->
